TN:
SF:controllers/page.js
FN:3,Object.<anonymous>.exports.renderProfile
FN:7,Object.<anonymous>.exports.renderJoin
FN:11,Object.<anonymous>.exports.renderMain
FN:30,Object.<anonymous>.exports.renderHashtag
FNF:4
FNH:1
FNDA:1,Object.<anonymous>.exports.renderProfile
FNDA:0,Object.<anonymous>.exports.renderJoin
FNDA:0,Object.<anonymous>.exports.renderMain
FNDA:0,Object.<anonymous>.exports.renderHashtag
DA:1,1
DA:2,1
DA:3,1
DA:4,1
DA:5,1
DA:6,1
DA:7,1
DA:8,0
DA:9,0
DA:10,1
DA:11,1
DA:12,0
DA:13,0
DA:14,0
DA:15,0
DA:16,0
DA:17,0
DA:18,0
DA:19,0
DA:20,0
DA:21,0
DA:22,0
DA:23,0
DA:24,0
DA:25,0
DA:26,0
DA:27,0
DA:28,0
DA:29,1
DA:30,1
DA:31,0
DA:32,0
DA:33,0
DA:34,0
DA:35,0
DA:36,0
DA:37,0
DA:38,0
DA:39,0
DA:40,0
DA:41,0
DA:42,0
DA:43,0
DA:44,0
DA:45,0
DA:46,0
DA:47,0
DA:48,0
DA:49,0
DA:50,0
LF:50
LH:11
BRDA:3,0,0,1
BRF:1
BRH:1
end_of_record
TN:
SF:middlewares/index.js
FN:1,Object.<anonymous>.exports.isLoggedIn
FN:9,Object.<anonymous>.exports.isNotLoggedIn
FNF:2
FNH:2
FNDA:2,Object.<anonymous>.exports.isLoggedIn
FNDA:2,Object.<anonymous>.exports.isNotLoggedIn
DA:1,1
DA:2,2
DA:3,1
DA:4,1
DA:5,1
DA:6,1
DA:7,2
DA:8,1
DA:9,1
DA:10,2
DA:11,1
DA:12,1
DA:13,1
DA:14,1
DA:15,1
DA:16,2
LF:16
LH:16
BRDA:1,0,0,2
BRDA:2,1,0,1
BRDA:9,2,0,2
BRDA:10,3,0,1
BRF:4
BRH:4
end_of_record
